<?xml version="1.0" encoding="UTF-8"?>
<coverage generated="1698718286031" clover="3.2.0">
  <project timestamp="1698718286031" name="All files">
    <metrics statements="87" coveredstatements="71" conditionals="16" coveredconditionals="11" methods="22" coveredmethods="19" elements="125" coveredelements="101" complexity="0" loc="87" ncloc="87" packages="2" files="8" classes="8"/>
    <package name="src">
      <metrics statements="55" coveredstatements="43" conditionals="14" coveredconditionals="10" methods="14" coveredmethods="12"/>
      <file name="App.tsx" path="/Users/justinreich/Desktop/photo-showcase-node/src/App.tsx">
        <metrics statements="28" coveredstatements="26" conditionals="6" coveredconditionals="4" methods="5" coveredmethods="5"/>
        <line num="1" count="1" type="stmt"/>
        <line num="2" count="1" type="stmt"/>
        <line num="3" count="1" type="stmt"/>
        <line num="4" count="1" type="stmt"/>
        <line num="19" count="12" type="stmt"/>
        <line num="20" count="14" type="stmt"/>
        <line num="22" count="14" type="cond" truecount="2" falsecount="0"/>
        <line num="23" count="10" type="stmt"/>
        <line num="25" count="4" type="stmt"/>
        <line num="27" count="14" type="stmt"/>
        <line num="30" count="12" type="stmt"/>
        <line num="31" count="11" type="stmt"/>
        <line num="32" count="11" type="stmt"/>
        <line num="34" count="11" type="stmt"/>
        <line num="35" count="9" type="stmt"/>
        <line num="36" count="9" type="stmt"/>
        <line num="37" count="9" type="stmt"/>
        <line num="38" count="9" type="stmt"/>
        <line num="41" count="9" type="cond" truecount="1" falsecount="0"/>
        <line num="42" count="6" type="stmt"/>
        <line num="43" count="6" type="stmt"/>
        <line num="46" count="0" type="stmt"/>
        <line num="51" count="11" type="stmt"/>
        <line num="53" count="3" type="cond" truecount="0" falsecount="1"/>
        <line num="54" count="0" type="stmt"/>
        <line num="56" count="3" type="stmt"/>
        <line num="59" count="11" type="stmt"/>
        <line num="87" count="1" type="stmt"/>
      </file>
      <file name="PhotoAPI.ts" path="/Users/justinreich/Desktop/photo-showcase-node/src/PhotoAPI.ts">
        <metrics statements="12" coveredstatements="2" conditionals="2" coveredconditionals="0" methods="2" coveredmethods="0"/>
        <line num="3" count="1" type="stmt"/>
        <line num="5" count="1" type="stmt"/>
        <line num="7" count="0" type="stmt"/>
        <line num="8" count="0" type="cond" truecount="0" falsecount="1"/>
        <line num="9" count="0" type="stmt"/>
        <line num="11" count="0" type="stmt"/>
        <line num="12" count="0" type="stmt"/>
        <line num="15" count="0" type="stmt"/>
        <line num="16" count="0" type="cond" truecount="0" falsecount="1"/>
        <line num="17" count="0" type="stmt"/>
        <line num="19" count="0" type="stmt"/>
        <line num="20" count="0" type="stmt"/>
      </file>
      <file name="mockPhotoAPIData.ts" path="/Users/justinreich/Desktop/photo-showcase-node/src/mockPhotoAPIData.ts">
        <metrics statements="3" coveredstatements="3" conditionals="0" coveredconditionals="0" methods="0" coveredmethods="0"/>
        <line num="1" count="3" type="stmt"/>
        <line num="18" count="3" type="stmt"/>
        <line num="42" count="3" type="stmt"/>
      </file>
      <file name="utils.ts" path="/Users/justinreich/Desktop/photo-showcase-node/src/utils.ts">
        <metrics statements="2" coveredstatements="2" conditionals="0" coveredconditionals="0" methods="2" coveredmethods="2"/>
        <line num="8" count="2" type="stmt"/>
        <line num="9" count="20" type="stmt"/>
      </file>
      <file name="validation.ts" path="/Users/justinreich/Desktop/photo-showcase-node/src/validation.ts">
        <metrics statements="10" coveredstatements="10" conditionals="6" coveredconditionals="6" methods="5" coveredmethods="5"/>
        <line num="1" count="3" type="stmt"/>
        <line num="2" count="14" type="stmt"/>
        <line num="5" count="3" type="stmt"/>
        <line num="6" count="11" type="cond" truecount="2" falsecount="0"/>
        <line num="9" count="3" type="stmt"/>
        <line num="10" count="7" type="stmt"/>
        <line num="13" count="3" type="stmt"/>
        <line num="14" count="9" type="stmt"/>
        <line num="17" count="3" type="stmt"/>
        <line num="22" count="11" type="stmt"/>
      </file>
    </package>
    <package name="src.components">
      <metrics statements="32" coveredstatements="28" conditionals="2" coveredconditionals="1" methods="8" coveredmethods="7"/>
      <file name="AlbumForm.tsx" path="/Users/justinreich/Desktop/photo-showcase-node/src/components/AlbumForm.tsx">
        <metrics statements="21" coveredstatements="17" conditionals="2" coveredconditionals="1" methods="4" coveredmethods="3"/>
        <line num="2" count="2" type="stmt"/>
        <line num="4" count="2" type="stmt"/>
        <line num="5" count="2" type="stmt"/>
        <line num="12" count="2" type="stmt"/>
        <line num="13" count="15" type="stmt"/>
        <line num="14" count="15" type="stmt"/>
        <line num="15" count="15" type="stmt"/>
        <line num="16" count="12" type="stmt"/>
        <line num="19" count="15" type="stmt"/>
        <line num="20" count="7" type="stmt"/>
        <line num="21" count="7" type="cond" truecount="0" falsecount="1"/>
        <line num="23" count="0" type="stmt"/>
        <line num="24" count="0" type="stmt"/>
        <line num="25" count="0" type="stmt"/>
        <line num="27" count="7" type="stmt"/>
        <line num="28" count="7" type="cond" truecount="1" falsecount="0"/>
        <line num="29" count="3" type="stmt"/>
        <line num="30" count="3" type="stmt"/>
        <line num="33" count="15" type="stmt"/>
        <line num="37" count="0" type="stmt"/>
        <line num="68" count="2" type="stmt"/>
      </file>
      <file name="Photo.tsx" path="/Users/justinreich/Desktop/photo-showcase-node/src/components/Photo.tsx">
        <metrics statements="4" coveredstatements="4" conditionals="0" coveredconditionals="0" methods="1" coveredmethods="1"/>
        <line num="7" count="2" type="stmt"/>
        <line num="8" count="5" type="stmt"/>
        <line num="9" count="5" type="stmt"/>
        <line num="32" count="2" type="stmt"/>
      </file>
      <file name="Photos.tsx" path="/Users/justinreich/Desktop/photo-showcase-node/src/components/Photos.tsx">
        <metrics statements="7" coveredstatements="7" conditionals="0" coveredconditionals="0" methods="3" coveredmethods="3"/>
        <line num="1" count="2" type="stmt"/>
        <line num="9" count="2" type="stmt"/>
        <line num="10" count="10" type="stmt"/>
        <line num="11" count="10" type="stmt"/>
        <line num="25" count="10" type="stmt"/>
        <line num="27" count="5" type="stmt"/>
        <line num="34" count="2" type="stmt"/>
      </file>
    </package>
  </project>
</coverage>
