{"/Users/justinreich/Desktop/photo-showcase-node/src/App.tsx": {"path":"/Users/justinreich/Desktop/photo-showcase-node/src/App.tsx","statementMap":{"0":{"start":{"line":1,"column":0},"end":{"line":1,"column":44}},"1":{"start":{"line":2,"column":0},"end":{"line":2,"column":38}},"2":{"start":{"line":3,"column":0},"end":{"line":3,"column":47}},"3":{"start":{"line":4,"column":0},"end":{"line":4,"column":41}},"4":{"start":{"line":19,"column":31},"end":{"line":28,"column":3}},"5":{"start":{"line":20,"column":24},"end":{"line":20,"column":54}},"6":{"start":{"line":22,"column":4},"end":{"line":26,"column":null}},"7":{"start":{"line":23,"column":6},"end":{"line":23,"column":24}},"8":{"start":{"line":25,"column":6},"end":{"line":25,"column":45}},"9":{"start":{"line":27,"column":4},"end":{"line":27,"column":24}},"10":{"start":{"line":30,"column":32},"end":{"line":30,"column":45}},"11":{"start":{"line":31,"column":30},"end":{"line":31,"column":60}},"12":{"start":{"line":32,"column":28},"end":{"line":32,"column":40}},"13":{"start":{"line":34,"column":2},"end":{"line":49,"column":5}},"14":{"start":{"line":35,"column":4},"end":{"line":48,"column":9}},"15":{"start":{"line":36,"column":6},"end":{"line":47,"column":null}},"16":{"start":{"line":37,"column":40},"end":{"line":37,"column":63}},"17":{"start":{"line":38,"column":38},"end":{"line":38,"column":60}},"18":{"start":{"line":41,"column":8},"end":{"line":44,"column":null}},"19":{"start":{"line":42,"column":10},"end":{"line":42,"column":35}},"20":{"start":{"line":43,"column":10},"end":{"line":43,"column":72}},"21":{"start":{"line":46,"column":8},"end":{"line":46,"column":35}},"22":{"start":{"line":51,"column":24},"end":{"line":57,"column":3}},"23":{"start":{"line":53,"column":4},"end":{"line":55,"column":null}},"24":{"start":{"line":54,"column":6},"end":{"line":54,"column":15}},"25":{"start":{"line":56,"column":4},"end":{"line":56,"column":19}},"26":{"start":{"line":59,"column":2},"end":{"line":84,"column":4}},"27":{"start":{"line":87,"column":0},"end":{"line":87,"column":19}}},"fnMap":{"0":{"name":"App","decl":{"start":{"line":14,"column":9},"end":{"line":14,"column":12}},"loc":{"start":{"line":14,"column":12},"end":{"line":85,"column":1}}},"1":{"name":"(anonymous_2)","decl":{"start":{"line":19,"column":31},"end":{"line":19,"column":34}},"loc":{"start":{"line":19,"column":36},"end":{"line":28,"column":3}}},"2":{"name":"(anonymous_3)","decl":{"start":{"line":34,"column":12},"end":{"line":34,"column":15}},"loc":{"start":{"line":34,"column":17},"end":{"line":49,"column":3}}},"3":{"name":"(anonymous_4)","decl":{"start":{"line":35,"column":5},"end":{"line":35,"column":10}},"loc":{"start":{"line":35,"column":16},"end":{"line":48,"column":5}}},"4":{"name":"(anonymous_5)","decl":{"start":{"line":51,"column":24},"end":{"line":51,"column":25}},"loc":{"start":{"line":51,"column":39},"end":{"line":57,"column":3}}}},"branchMap":{"0":{"loc":{"start":{"line":22,"column":4},"end":{"line":26,"column":null}},"type":"if","locations":[{"start":{"line":22,"column":4},"end":{"line":26,"column":null}},{"start":{"line":24,"column":11},"end":{"line":26,"column":null}}]},"1":{"loc":{"start":{"line":41,"column":8},"end":{"line":44,"column":null}},"type":"if","locations":[{"start":{"line":41,"column":8},"end":{"line":44,"column":null}}]},"2":{"loc":{"start":{"line":53,"column":4},"end":{"line":55,"column":null}},"type":"if","locations":[{"start":{"line":53,"column":4},"end":{"line":55,"column":null}}]},"3":{"loc":{"start":{"line":76,"column":11},"end":{"line":79,"column":null}},"type":"cond-expr","locations":[{"start":{"line":77,"column":12},"end":{"line":77,"column":69}},{"start":{"line":79,"column":12},"end":{"line":79,"column":56}}]}},"s":{"0":1,"1":1,"2":1,"3":1,"4":12,"5":14,"6":14,"7":10,"8":4,"9":14,"10":12,"11":11,"12":11,"13":11,"14":9,"15":9,"16":9,"17":9,"18":9,"19":6,"20":6,"21":0,"22":11,"23":3,"24":0,"25":3,"26":11,"27":1},"f":{"0":12,"1":14,"2":9,"3":9,"4":3},"b":{"0":[10,4],"1":[6],"2":[0],"3":[0,11]}}
,"/Users/justinreich/Desktop/photo-showcase-node/src/PhotoAPI.ts": {"path":"/Users/justinreich/Desktop/photo-showcase-node/src/PhotoAPI.ts","statementMap":{"0":{"start":{"line":3,"column":12},"end":{"line":3,"column":57}},"1":{"start":{"line":5,"column":13},"end":{"line":22,"column":2}},"2":{"start":{"line":7,"column":21},"end":{"line":7,"column":61}},"3":{"start":{"line":8,"column":4},"end":{"line":10,"column":null}},"4":{"start":{"line":9,"column":6},"end":{"line":9,"column":36}},"5":{"start":{"line":11,"column":19},"end":{"line":11,"column":40}},"6":{"start":{"line":12,"column":4},"end":{"line":12,"column":18}},"7":{"start":{"line":15,"column":21},"end":{"line":15,"column":37}},"8":{"start":{"line":16,"column":4},"end":{"line":18,"column":null}},"9":{"start":{"line":17,"column":6},"end":{"line":17,"column":36}},"10":{"start":{"line":19,"column":19},"end":{"line":19,"column":40}},"11":{"start":{"line":20,"column":4},"end":{"line":20,"column":18}}},"fnMap":{"0":{"name":"(anonymous_0)","decl":{"start":{"line":6,"column":7},"end":{"line":6,"column":12}},"loc":{"start":{"line":6,"column":52},"end":{"line":13,"column":3}}},"1":{"name":"(anonymous_1)","decl":{"start":{"line":14,"column":10},"end":{"line":14,"column":15}},"loc":{"start":{"line":14,"column":40},"end":{"line":21,"column":3}}}},"branchMap":{"0":{"loc":{"start":{"line":8,"column":4},"end":{"line":10,"column":null}},"type":"if","locations":[{"start":{"line":8,"column":4},"end":{"line":10,"column":null}}]},"1":{"loc":{"start":{"line":16,"column":4},"end":{"line":18,"column":null}},"type":"if","locations":[{"start":{"line":16,"column":4},"end":{"line":18,"column":null}}]}},"s":{"0":1,"1":1,"2":0,"3":0,"4":0,"5":0,"6":0,"7":0,"8":0,"9":0,"10":0,"11":0},"f":{"0":0,"1":0},"b":{"0":[0],"1":[0]}}
,"/Users/justinreich/Desktop/photo-showcase-node/src/mockPhotoAPIData.ts": {"path":"/Users/justinreich/Desktop/photo-showcase-node/src/mockPhotoAPIData.ts","statementMap":{"0":{"start":{"line":1,"column":13},"end":{"line":16,"column":2}},"1":{"start":{"line":18,"column":13},"end":{"line":40,"column":2}},"2":{"start":{"line":42,"column":13},"end":{"line":64,"column":2}}},"fnMap":{},"branchMap":{},"s":{"0":3,"1":3,"2":3},"f":{},"b":{}}
,"/Users/justinreich/Desktop/photo-showcase-node/src/utils.ts": {"path":"/Users/justinreich/Desktop/photo-showcase-node/src/utils.ts","statementMap":{"0":{"start":{"line":8,"column":39},"end":{"line":10,"column":1}},"1":{"start":{"line":9,"column":2},"end":{"line":9,"column":74}},"2":{"start":{"line":9,"column":56},"end":{"line":9,"column":63}},"3":{"start":{"line":8,"column":13},"end":{"line":8,"column":39}}},"fnMap":{"0":{"name":"(anonymous_0)","decl":{"start":{"line":8,"column":39},"end":{"line":8,"column":40}},"loc":{"start":{"line":8,"column":60},"end":{"line":10,"column":1}}},"1":{"name":"(anonymous_1)","decl":{"start":{"line":9,"column":39},"end":{"line":9,"column":40}},"loc":{"start":{"line":9,"column":56},"end":{"line":9,"column":63}}}},"branchMap":{},"s":{"0":2,"1":14,"2":20,"3":2},"f":{"0":14,"1":20},"b":{}}
,"/Users/justinreich/Desktop/photo-showcase-node/src/validation.ts": {"path":"/Users/justinreich/Desktop/photo-showcase-node/src/validation.ts","statementMap":{"0":{"start":{"line":1,"column":25},"end":{"line":3,"column":1}},"1":{"start":{"line":2,"column":2},"end":{"line":2,"column":31}},"2":{"start":{"line":1,"column":13},"end":{"line":1,"column":25}},"3":{"start":{"line":5,"column":25},"end":{"line":7,"column":1}},"4":{"start":{"line":6,"column":2},"end":{"line":6,"column":38}},"5":{"start":{"line":5,"column":13},"end":{"line":5,"column":25}},"6":{"start":{"line":9,"column":25},"end":{"line":11,"column":1}},"7":{"start":{"line":10,"column":2},"end":{"line":10,"column":21}},"8":{"start":{"line":9,"column":13},"end":{"line":9,"column":25}},"9":{"start":{"line":13,"column":33},"end":{"line":15,"column":1}},"10":{"start":{"line":14,"column":2},"end":{"line":14,"column":30}},"11":{"start":{"line":13,"column":13},"end":{"line":13,"column":33}},"12":{"start":{"line":17,"column":28},"end":{"line":28,"column":1}},"13":{"start":{"line":22,"column":2},"end":{"line":27,"column":4}},"14":{"start":{"line":17,"column":13},"end":{"line":17,"column":28}}},"fnMap":{"0":{"name":"(anonymous_0)","decl":{"start":{"line":1,"column":25},"end":{"line":1,"column":26}},"loc":{"start":{"line":1,"column":52},"end":{"line":3,"column":1}}},"1":{"name":"(anonymous_1)","decl":{"start":{"line":5,"column":25},"end":{"line":5,"column":26}},"loc":{"start":{"line":5,"column":78},"end":{"line":7,"column":1}}},"2":{"name":"(anonymous_2)","decl":{"start":{"line":9,"column":25},"end":{"line":9,"column":26}},"loc":{"start":{"line":9,"column":52},"end":{"line":11,"column":1}}},"3":{"name":"(anonymous_3)","decl":{"start":{"line":13,"column":33},"end":{"line":13,"column":34}},"loc":{"start":{"line":13,"column":60},"end":{"line":15,"column":1}}},"4":{"name":"(anonymous_4)","decl":{"start":{"line":17,"column":28},"end":{"line":17,"column":null}},"loc":{"start":{"line":21,"column":13},"end":{"line":28,"column":1}}}},"branchMap":{"0":{"loc":{"start":{"line":6,"column":9},"end":{"line":6,"column":37}},"type":"binary-expr","locations":[{"start":{"line":6,"column":9},"end":{"line":6,"column":21}},{"start":{"line":6,"column":25},"end":{"line":6,"column":37}}]},"1":{"loc":{"start":{"line":23,"column":4},"end":{"line":26,"column":28}},"type":"binary-expr","locations":[{"start":{"line":23,"column":4},"end":{"line":23,"column":20}},{"start":{"line":24,"column":4},"end":{"line":24,"column":38}},{"start":{"line":25,"column":4},"end":{"line":25,"column":28}},{"start":{"line":26,"column":4},"end":{"line":26,"column":28}}]}},"s":{"0":3,"1":14,"2":3,"3":3,"4":11,"5":3,"6":3,"7":7,"8":3,"9":3,"10":9,"11":3,"12":3,"13":11,"14":3},"f":{"0":14,"1":11,"2":7,"3":9,"4":11},"b":{"0":[11,10],"1":[11,8,5,5]}}
,"/Users/justinreich/Desktop/photo-showcase-node/src/components/AlbumForm.tsx": {"path":"/Users/justinreich/Desktop/photo-showcase-node/src/components/AlbumForm.tsx","statementMap":{"0":{"start":{"line":2,"column":0},"end":{"line":2,"column":42}},"1":{"start":{"line":4,"column":0},"end":{"line":4,"column":45}},"2":{"start":{"line":5,"column":0},"end":{"line":5,"column":51}},"3":{"start":{"line":12,"column":18},"end":{"line":66,"column":1}},"4":{"start":{"line":13,"column":36},"end":{"line":13,"column":41}},"5":{"start":{"line":14,"column":32},"end":{"line":14,"column":44}},"6":{"start":{"line":15,"column":25},"end":{"line":17,"column":null}},"7":{"start":{"line":16,"column":10},"end":{"line":16,"column":41}},"8":{"start":{"line":19,"column":29},"end":{"line":32,"column":3}},"9":{"start":{"line":20,"column":15},"end":{"line":20,"column":36}},"10":{"start":{"line":21,"column":4},"end":{"line":26,"column":null}},"11":{"start":{"line":23,"column":6},"end":{"line":23,"column":25}},"12":{"start":{"line":24,"column":6},"end":{"line":24,"column":21}},"13":{"start":{"line":25,"column":6},"end":{"line":25,"column":13}},"14":{"start":{"line":27,"column":25},"end":{"line":27,"column":60}},"15":{"start":{"line":28,"column":4},"end":{"line":31,"column":null}},"16":{"start":{"line":29,"column":6},"end":{"line":29,"column":24}},"17":{"start":{"line":30,"column":6},"end":{"line":30,"column":21}},"18":{"start":{"line":33,"column":2},"end":{"line":65,"column":4}},"19":{"start":{"line":37,"column":25},"end":{"line":37,"column":43}},"20":{"start":{"line":68,"column":0},"end":{"line":68,"column":25}}},"fnMap":{"0":{"name":"(anonymous_0)","decl":{"start":{"line":12,"column":18},"end":{"line":12,"column":19}},"loc":{"start":{"line":12,"column":44},"end":{"line":66,"column":1}}},"1":{"name":"(anonymous_1)","decl":{"start":{"line":16,"column":4},"end":{"line":16,"column":7}},"loc":{"start":{"line":16,"column":10},"end":{"line":16,"column":41}}},"2":{"name":"(anonymous_2)","decl":{"start":{"line":19,"column":29},"end":{"line":19,"column":30}},"loc":{"start":{"line":19,"column":70},"end":{"line":32,"column":3}}},"3":{"name":"(anonymous_3)","decl":{"start":{"line":37,"column":18},"end":{"line":37,"column":19}},"loc":{"start":{"line":37,"column":25},"end":{"line":37,"column":43}}}},"branchMap":{"0":{"loc":{"start":{"line":21,"column":4},"end":{"line":26,"column":null}},"type":"if","locations":[{"start":{"line":21,"column":4},"end":{"line":26,"column":null}}]},"1":{"loc":{"start":{"line":28,"column":4},"end":{"line":31,"column":null}},"type":"if","locations":[{"start":{"line":28,"column":4},"end":{"line":31,"column":null}}]}},"s":{"0":2,"1":2,"2":2,"3":2,"4":15,"5":15,"6":15,"7":12,"8":15,"9":7,"10":7,"11":0,"12":0,"13":0,"14":7,"15":7,"16":3,"17":3,"18":15,"19":0,"20":2},"f":{"0":15,"1":12,"2":7,"3":0},"b":{"0":[0],"1":[3]}}
,"/Users/justinreich/Desktop/photo-showcase-node/src/components/Photo.tsx": {"path":"/Users/justinreich/Desktop/photo-showcase-node/src/components/Photo.tsx","statementMap":{"0":{"start":{"line":7,"column":14},"end":{"line":30,"column":1}},"1":{"start":{"line":8,"column":29},"end":{"line":8,"column":34}},"2":{"start":{"line":9,"column":2},"end":{"line":29,"column":4}},"3":{"start":{"line":32,"column":0},"end":{"line":32,"column":21}}},"fnMap":{"0":{"name":"(anonymous_0)","decl":{"start":{"line":7,"column":14},"end":{"line":7,"column":15}},"loc":{"start":{"line":7,"column":36},"end":{"line":30,"column":1}}}},"branchMap":{},"s":{"0":2,"1":5,"2":5,"3":2},"f":{"0":5},"b":{}}
,"/Users/justinreich/Desktop/photo-showcase-node/src/components/Photos.tsx": {"path":"/Users/justinreich/Desktop/photo-showcase-node/src/components/Photos.tsx","statementMap":{"0":{"start":{"line":1,"column":0},"end":{"line":1,"column":28}},"1":{"start":{"line":9,"column":15},"end":{"line":32,"column":1}},"2":{"start":{"line":10,"column":30},"end":{"line":10,"column":35}},"3":{"start":{"line":11,"column":2},"end":{"line":31,"column":4}},"4":{"start":{"line":25,"column":29},"end":{"line":25,"column":62}},"5":{"start":{"line":27,"column":12},"end":{"line":27,"column":28}},"6":{"start":{"line":34,"column":0},"end":{"line":34,"column":22}}},"fnMap":{"0":{"name":"(anonymous_1)","decl":{"start":{"line":9,"column":15},"end":{"line":9,"column":16}},"loc":{"start":{"line":9,"column":38},"end":{"line":32,"column":1}}},"1":{"name":"(anonymous_2)","decl":{"start":{"line":25,"column":18},"end":{"line":25,"column":19}},"loc":{"start":{"line":25,"column":29},"end":{"line":25,"column":62}}},"2":{"name":"(anonymous_3)","decl":{"start":{"line":26,"column":15},"end":{"line":26,"column":16}},"loc":{"start":{"line":27,"column":12},"end":{"line":27,"column":28}}}},"branchMap":{},"s":{"0":2,"1":2,"2":10,"3":10,"4":10,"5":5,"6":2},"f":{"0":10,"1":10,"2":5},"b":{}}
}
