TN:
SF:src/App.tsx
FN:14,App
FN:19,(anonymous_2)
FN:34,(anonymous_3)
FN:35,(anonymous_4)
FN:51,(anonymous_5)
FNF:5
FNH:5
FNDA:12,App
FNDA:14,(anonymous_2)
FNDA:9,(anonymous_3)
FNDA:9,(anonymous_4)
FNDA:3,(anonymous_5)
DA:1,1
DA:2,1
DA:3,1
DA:4,1
DA:19,12
DA:20,14
DA:22,14
DA:23,10
DA:25,4
DA:27,14
DA:30,12
DA:31,11
DA:32,11
DA:34,11
DA:35,9
DA:36,9
DA:37,9
DA:38,9
DA:41,9
DA:42,6
DA:43,6
DA:46,0
DA:51,11
DA:53,3
DA:54,0
DA:56,3
DA:59,11
DA:87,1
LF:28
LH:26
BRDA:22,0,0,10
BRDA:22,0,1,4
BRDA:41,1,0,6
BRDA:53,2,0,0
BRDA:76,3,0,0
BRDA:76,3,1,11
BRF:6
BRH:4
end_of_record
TN:
SF:src/PhotoAPI.ts
FN:6,(anonymous_0)
FN:14,(anonymous_1)
FNF:2
FNH:0
FNDA:0,(anonymous_0)
FNDA:0,(anonymous_1)
DA:3,1
DA:5,1
DA:7,0
DA:8,0
DA:9,0
DA:11,0
DA:12,0
DA:15,0
DA:16,0
DA:17,0
DA:19,0
DA:20,0
LF:12
LH:2
BRDA:8,0,0,0
BRDA:16,1,0,0
BRF:2
BRH:0
end_of_record
TN:
SF:src/mockPhotoAPIData.ts
FNF:0
FNH:0
DA:1,3
DA:18,3
DA:42,3
LF:3
LH:3
BRF:0
BRH:0
end_of_record
TN:
SF:src/utils.ts
FN:8,(anonymous_0)
FN:9,(anonymous_1)
FNF:2
FNH:2
FNDA:14,(anonymous_0)
FNDA:20,(anonymous_1)
DA:8,2
DA:9,20
LF:2
LH:2
BRF:0
BRH:0
end_of_record
TN:
SF:src/validation.ts
FN:1,(anonymous_0)
FN:5,(anonymous_1)
FN:9,(anonymous_2)
FN:13,(anonymous_3)
FN:17,(anonymous_4)
FNF:5
FNH:5
FNDA:14,(anonymous_0)
FNDA:11,(anonymous_1)
FNDA:7,(anonymous_2)
FNDA:9,(anonymous_3)
FNDA:11,(anonymous_4)
DA:1,3
DA:2,14
DA:5,3
DA:6,11
DA:9,3
DA:10,7
DA:13,3
DA:14,9
DA:17,3
DA:22,11
LF:10
LH:10
BRDA:6,0,0,11
BRDA:6,0,1,10
BRDA:23,1,0,11
BRDA:23,1,1,8
BRDA:23,1,2,5
BRDA:23,1,3,5
BRF:6
BRH:6
end_of_record
TN:
SF:src/components/AlbumForm.tsx
FN:12,(anonymous_0)
FN:16,(anonymous_1)
FN:19,(anonymous_2)
FN:37,(anonymous_3)
FNF:4
FNH:3
FNDA:15,(anonymous_0)
FNDA:12,(anonymous_1)
FNDA:7,(anonymous_2)
FNDA:0,(anonymous_3)
DA:2,2
DA:4,2
DA:5,2
DA:12,2
DA:13,15
DA:14,15
DA:15,15
DA:16,12
DA:19,15
DA:20,7
DA:21,7
DA:23,0
DA:24,0
DA:25,0
DA:27,7
DA:28,7
DA:29,3
DA:30,3
DA:33,15
DA:37,0
DA:68,2
LF:21
LH:17
BRDA:21,0,0,0
BRDA:28,1,0,3
BRF:2
BRH:1
end_of_record
TN:
SF:src/components/Photo.tsx
FN:7,(anonymous_0)
FNF:1
FNH:1
FNDA:5,(anonymous_0)
DA:7,2
DA:8,5
DA:9,5
DA:32,2
LF:4
LH:4
BRF:0
BRH:0
end_of_record
TN:
SF:src/components/Photos.tsx
FN:9,(anonymous_1)
FN:25,(anonymous_2)
FN:26,(anonymous_3)
FNF:3
FNH:3
FNDA:10,(anonymous_1)
FNDA:10,(anonymous_2)
FNDA:5,(anonymous_3)
DA:1,2
DA:9,2
DA:10,10
DA:11,10
DA:25,10
DA:27,5
DA:34,2
LF:7
LH:7
BRF:0
BRH:0
end_of_record
